<?xml version="1.0" encoding="UTF-8"?>
<testsuite name="com.bridgelabz.Test.FindingMaximumTest" tests="1" skipped="0" failures="0" errors="0" timestamp="2020-01-02T11:34:25" hostname="admin1-HP-EliteBook-Folio-9480m" time="0.002">
  <properties/>
  <testcase name="WhenGivenStringValues_IfThirdPosHasMax_ShouldReturnMaximum" classname="com.bridgelabz.Test.FindingMaximumTest" time="0.002"/>
  <system-out><![CDATA[]]></system-out>
  <system-err><![CDATA[]]></system-err>
</testsuite>
