<?xml version="1.0" encoding="UTF-8"?>
<testsuite name="com.bridgelabz.Test.FindingMaximumTest" tests="3" skipped="0" failures="0" errors="0" timestamp="2020-01-02T10:55:33" hostname="admin1-HP-EliteBook-Folio-9480m" time="0.007">
  <properties/>
  <testcase name="WhenGivenThreeValues_IfThirdPosHasMax_ShouldReturnMaximum" classname="com.bridgelabz.Test.FindingMaximumTest" time="0.003"/>
  <testcase name="WhenGivenThreeValues_IfSecondLocationHasMax_ShouldReturnMaximum" classname="com.bridgelabz.Test.FindingMaximumTest" time="0.0"/>
  <testcase name="WhenGivenThreeValues_IfFirstLocationHasMax_ShouldReturnMaximum" classname="com.bridgelabz.Test.FindingMaximumTest" time="0.0"/>
  <system-out><![CDATA[]]></system-out>
  <system-err><![CDATA[]]></system-err>
</testsuite>
