<?xml version="1.0" encoding="UTF-8"?>
<testsuite name="com.bridgelabz.Test.FindingMaximumTest" tests="1" skipped="0" failures="0" errors="0" timestamp="2020-01-03T05:04:17" hostname="admin1-HP-EliteBook-Folio-9480m" time="0.004">
  <properties/>
  <testcase name="WhenGivenMoreThanThreeIntValues_ShouldReturnMaxValues" classname="com.bridgelabz.Test.FindingMaximumTest" time="0.004"/>
  <system-out><![CDATA[ Maximum Value is :99
]]></system-out>
  <system-err><![CDATA[]]></system-err>
</testsuite>
